Arguments: 
  C:\Program Files\nodejs\node.exe C:\Users\hyeong\AppData\Roaming\npm\node_modules\yarn\bin\yarn.js add cros

PATH: 
  C:\Program Files (x86)\NAT Service;C:\Program Files (x86)\Intel\Intel(R) Management Engine Components\iCLS\;C:\Program Files\Intel\Intel(R) Management Engine Components\iCLS\;C:\WINDOWS\system32;C:\WINDOWS;C:\WINDOWS\System32\Wbem;C:\WINDOWS\System32\WindowsPowerShell\v1.0\;C:\Program Files (x86)\Intel\Intel(R) Management Engine Components\DAL;C:\Program Files\Intel\Intel(R) Management Engine Components\DAL;C:\Program Files (x86)\Intel\Intel(R) Management Engine Components\IPT;C:\Program Files\Intel\Intel(R) Management Engine Components\IPT;C:\Program Files\TortoiseGit\bin;C:\Program Files\Git\cmd;C:\WINDOWS\System32\OpenSSH\;C:\Program Files\nodejs\;C:\Users\hyeong\AppData\Local\Microsoft\WindowsApps;;C:\Users\hyeong\AppData\Local\Programs\Microsoft VS Code\bin;C:\Program Files\heroku\bin;C:\Users\hyeong\AppData\Roaming\npm

Yarn version: 
  1.17.3

Node version: 
  12.16.2

Platform: 
  win32 x64

Trace: 
  Error: https://registry.yarnpkg.com/cros: Not found
      at Request.params.callback [as _callback] (C:\Users\hyeong\AppData\Roaming\npm\node_modules\yarn\lib\cli.js:66830:18)
      at Request.self.callback (C:\Users\hyeong\AppData\Roaming\npm\node_modules\yarn\lib\cli.js:140464:22)
      at Request.emit (events.js:310:20)
      at Request.<anonymous> (C:\Users\hyeong\AppData\Roaming\npm\node_modules\yarn\lib\cli.js:141436:10)
      at Request.emit (events.js:310:20)
      at IncomingMessage.<anonymous> (C:\Users\hyeong\AppData\Roaming\npm\node_modules\yarn\lib\cli.js:141358:12)
      at Object.onceWrapper (events.js:416:28)
      at IncomingMessage.emit (events.js:322:22)
      at endReadableNT (_stream_readable.js:1187:12)
      at processTicksAndRejections (internal/process/task_queues.js:84:21)

npm manifest: 
  {
    "name": "nodejs-mysql-authentication",
    "version": "1.0.0",
    "description": "nodejs login with jwt token",
    "main": "server.js",
    "scripts": {
      "test": "node server.js",
      "dev": "nodemon server.js"
    },
    "keywords": [
      "nodejs",
      "jwt",
      "passport",
      "express"
    ],
    "author": "Arjun Araneta",
    "license": "ISC",
    "dependencies": {
      "bcrypt": "^3.0.8",
      "body-parser": "^1.19.0",
      "cors": "^2.8.5",
      "express": "^4.17.1",
      "jsonwebtoken": "^7.4.2",
      "mongodb": "^3.5.9",
      "mongoose": "^5.9.21",
      "nodemon": "^1.19.4",
      "yarn": "^1.22.4"
    }
  }

yarn manifest: 
  No manifest

Lockfile: 
  No lockfile
